<beans xmlns="http://www.springframework.org/schema/beans"
       xmlns:xsi="http://www.w3.org/2001/XMLSchema-instance"
       xmlns:context="http://www.springframework.org/schema/context"
       xsi:schemaLocation="http://www.springframework.org/schema/beans
                           http://www.springframework.org/schema/beans/spring-beans.xsd
                           http://www.springframework.org/schema/context
                           http://www.springframework.org/schema/context/spring-context.xsd ">

    <context:component-scan base-package="org.projects.centralpoint.Database.Test" />
    <context:component-scan base-package="org.projects.centralpoint.middleware.Dao" />
    <context:component-scan base-package="org.projects.centralpoint.middleware.Helper" />
    <context:component-scan base-package="org.projects.centralpoint.middleware.Models" />
    <context:component-scan base-package="org.projects.centralpoint.middleware.Services" />

</beans>